The connection to ws://10.0.2.4:8080/ws was interrupted while the page was loading. janus.js:487:8
Lost connection to the gateway (is it down?) packetservo.js:109:4

This appears to be Firefox adapter.js:34:5
Initializing library <unknown>
Library initialized: true <unknown>
"Using WebSockets to contact Janus: ws://10.0.2.4:8080/ws" <unknown>
Got event on session null <unknown>
Object { janus: "success", transaction: "sDzZeCFlaxPx", data: Object } <unknown>
Object { janus: "success", transaction: "sDzZeCFlaxPx", data: Object } <unknown>
Created session: 2411988944 <unknown>
Got event on session 2411988944 <unknown>
Object { janus: "success", session_id: 2411988944, transaction: "emHp5kg9E4xx", data: Object } <unknown>
Object { janus: "success", session_id: 2411988944, transaction: "emHp5kg9E4xx", data: Object } <unknown>
Created handle: 3436476077 <unknown>
Plugin attached! (ps.plugin.gstreamer, id=3436476077) <unknown>
Sending message to plugin (handle=3436476077): <unknown>
Object { janus: "message", body: Object, transaction: "nE0wEo5BCBRv" } <unknown>
Got event on session 2411988944 <unknown>
Object { janus: "success", session_id: 2411988944, sender: 3436476077, transaction: "nE0wEo5BCBRv", plugindata: Object } <unknown>
Message sent! <unknown>
Object { janus: "success", session_id: 2411988944, sender: 3436476077, transaction: "nE0wEo5BCBRv", plugindata: Object } <unknown>
Synchronous transaction successful (ps.plugin.gstreamer) <unknown>
Object { streaming: "list", list: Array[1] } <unknown>
Array [ Object ] <unknown>
Sending message to plugin (handle=3436476077): <unknown>
Object { janus: "message", body: Object, transaction: "p81pWYxzMNlH" } <unknown>
Got event on session 2411988944 <unknown>
Object { janus: "ack", session_id: 2411988944, transaction: "p81pWYxzMNlH" } <unknown>
Message sent! <unknown>
Object { janus: "ack", session_id: 2411988944, transaction: "p81pWYxzMNlH" } <unknown>
Got event on session 2411988944 <unknown>
Object { janus: "event", session_id: 2411988944, sender: 3436476077, transaction: "p81pWYxzMNlH", plugindata: Object, jsep: Object } <unknown>
  -- Event is coming from 3436476077 (ps.plugin.gstreamer) <unknown>
Object { streaming: "event", result: Object } <unknown>
Handling SDP as well... <unknown>
Object { type: "offer", sdp: "v=0 o=- 1466155809833363 1466155809…" } <unknown>
Notifying application... <unknown>
